2025-12-04T17:24:33.418+05:30  INFO 17592 --- [IncidentManagementSystem] [main] c.IncidentManagementSystemApplication    : Starting IncidentManagementSystemApplication using Java 21.0.6 with PID 17592 (C:\Users\kashi\Documents\Project\IncidentManagementSystem\target\classes started by yashk in C:\Users\kashi\Documents\Project\IncidentManagementSystem)
2025-12-04T17:24:33.419+05:30  INFO 17864 --- [IncidentManagementSystem] [main] c.IncidentManagementSystemApplication    : Starting IncidentManagementSystemApplication using Java 21.0.6 with PID 17864 (C:\Users\kashi\Documents\Project\IncidentManagementSystem\target\classes started by yashk in C:\Users\kashi\Documents\Project\IncidentManagementSystem)
2025-12-04T17:24:33.421+05:30  INFO 17592 --- [IncidentManagementSystem] [main] c.IncidentManagementSystemApplication    : No active profile set, falling back to 1 default profile: "default"
2025-12-04T17:24:33.421+05:30  INFO 17864 --- [IncidentManagementSystem] [main] c.IncidentManagementSystemApplication    : No active profile set, falling back to 1 default profile: "default"
2025-12-04T17:24:36.417+05:30  INFO 17864 --- [IncidentManagementSystem] [main] .s.d.r.c.RepositoryConfigurationDelegate : Bootstrapping Spring Data JPA repositories in DEFAULT mode.
2025-12-04T17:24:36.417+05:30  INFO 17592 --- [IncidentManagementSystem] [main] .s.d.r.c.RepositoryConfigurationDelegate : Bootstrapping Spring Data JPA repositories in DEFAULT mode.
2025-12-04T17:24:36.897+05:30  INFO 17864 --- [IncidentManagementSystem] [main] .s.d.r.c.RepositoryConfigurationDelegate : Finished Spring Data repository scanning in 464 ms. Found 17 JPA repository interfaces.
2025-12-04T17:24:36.905+05:30  INFO 17592 --- [IncidentManagementSystem] [main] .s.d.r.c.RepositoryConfigurationDelegate : Finished Spring Data repository scanning in 473 ms. Found 17 JPA repository interfaces.
2025-12-04T17:24:37.739+05:30  INFO 17864 --- [IncidentManagementSystem] [main] o.s.b.w.embedded.tomcat.TomcatWebServer  : Tomcat initialized with port 8080 (http)
2025-12-04T17:24:37.739+05:30  INFO 17592 --- [IncidentManagementSystem] [main] o.s.b.w.embedded.tomcat.TomcatWebServer  : Tomcat initialized with port 8080 (http)
2025-12-04T17:24:37.760+05:30  INFO 17592 --- [IncidentManagementSystem] [main] o.apache.catalina.core.StandardService   : Starting service [Tomcat]
2025-12-04T17:24:37.761+05:30  INFO 17592 --- [IncidentManagementSystem] [main] o.apache.catalina.core.StandardEngine    : Starting Servlet engine: [Apache Tomcat/10.1.49]
2025-12-04T17:24:37.762+05:30  INFO 17864 --- [IncidentManagementSystem] [main] o.apache.catalina.core.StandardService   : Starting service [Tomcat]
2025-12-04T17:24:37.763+05:30  INFO 17864 --- [IncidentManagementSystem] [main] o.apache.catalina.core.StandardEngine    : Starting Servlet engine: [Apache Tomcat/10.1.49]
2025-12-04T17:24:37.842+05:30  INFO 17592 --- [IncidentManagementSystem] [main] o.a.c.c.C.[Tomcat].[localhost].[/]       : Initializing Spring embedded WebApplicationContext
2025-12-04T17:24:37.843+05:30  INFO 17592 --- [IncidentManagementSystem] [main] w.s.c.ServletWebServerApplicationContext : Root WebApplicationContext: initialization completed in 4303 ms
2025-12-04T17:24:37.857+05:30  INFO 17864 --- [IncidentManagementSystem] [main] o.a.c.c.C.[Tomcat].[localhost].[/]       : Initializing Spring embedded WebApplicationContext
2025-12-04T17:24:37.858+05:30  INFO 17864 --- [IncidentManagementSystem] [main] w.s.c.ServletWebServerApplicationContext : Root WebApplicationContext: initialization completed in 4334 ms
2025-12-04T17:24:38.146+05:30  INFO 17864 --- [IncidentManagementSystem] [main] o.hibernate.jpa.internal.util.LogHelper  : HHH000204: Processing PersistenceUnitInfo [name: default]
2025-12-04T17:24:38.147+05:30  INFO 17592 --- [IncidentManagementSystem] [main] o.hibernate.jpa.internal.util.LogHelper  : HHH000204: Processing PersistenceUnitInfo [name: default]
2025-12-04T17:24:38.311+05:30  INFO 17864 --- [IncidentManagementSystem] [main] org.hibernate.Version                    : HHH000412: Hibernate ORM core version 6.6.36.Final
2025-12-04T17:24:38.316+05:30  INFO 17592 --- [IncidentManagementSystem] [main] org.hibernate.Version                    : HHH000412: Hibernate ORM core version 6.6.36.Final
2025-12-04T17:24:38.458+05:30  INFO 17864 --- [IncidentManagementSystem] [main] o.h.c.internal.RegionFactoryInitiator    : HHH000026: Second-level cache disabled
2025-12-04T17:24:38.461+05:30  INFO 17592 --- [IncidentManagementSystem] [main] o.h.c.internal.RegionFactoryInitiator    : HHH000026: Second-level cache disabled
2025-12-04T17:24:39.638+05:30  INFO 17592 --- [IncidentManagementSystem] [main] o.s.o.j.p.SpringPersistenceUnitInfo      : No LoadTimeWeaver setup: ignoring JPA class transformer
2025-12-04T17:24:39.638+05:30  INFO 17864 --- [IncidentManagementSystem] [main] o.s.o.j.p.SpringPersistenceUnitInfo      : No LoadTimeWeaver setup: ignoring JPA class transformer
2025-12-04T17:24:39.725+05:30  INFO 17864 --- [IncidentManagementSystem] [main] com.zaxxer.hikari.HikariDataSource       : HikariPool-1 - Starting...
2025-12-04T17:24:39.725+05:30  INFO 17592 --- [IncidentManagementSystem] [main] com.zaxxer.hikari.HikariDataSource       : HikariPool-1 - Starting...
2025-12-04T17:24:40.505+05:30  INFO 17592 --- [IncidentManagementSystem] [main] com.zaxxer.hikari.pool.HikariPool        : HikariPool-1 - Added connection com.mysql.cj.jdbc.ConnectionImpl@67376bae
2025-12-04T17:24:40.505+05:30  INFO 17864 --- [IncidentManagementSystem] [main] com.zaxxer.hikari.pool.HikariPool        : HikariPool-1 - Added connection com.mysql.cj.jdbc.ConnectionImpl@61d527ac
2025-12-04T17:24:40.508+05:30  INFO 17864 --- [IncidentManagementSystem] [main] com.zaxxer.hikari.HikariDataSource       : HikariPool-1 - Start completed.
2025-12-04T17:24:40.508+05:30  INFO 17592 --- [IncidentManagementSystem] [main] com.zaxxer.hikari.HikariDataSource       : HikariPool-1 - Start completed.
2025-12-04T17:24:40.629+05:30  WARN 17864 --- [IncidentManagementSystem] [main] org.hibernate.orm.deprecation            : HHH90000025: MySQL8Dialect does not need to be specified explicitly using 'hibernate.dialect' (remove the property setting and it will be selected by default)
2025-12-04T17:24:40.629+05:30  WARN 17592 --- [IncidentManagementSystem] [main] org.hibernate.orm.deprecation            : HHH90000025: MySQL8Dialect does not need to be specified explicitly using 'hibernate.dialect' (remove the property setting and it will be selected by default)
2025-12-04T17:24:40.633+05:30  WARN 17864 --- [IncidentManagementSystem] [main] org.hibernate.orm.deprecation            : HHH90000026: MySQL8Dialect has been deprecated; use org.hibernate.dialect.MySQLDialect instead
2025-12-04T17:24:40.633+05:30  WARN 17592 --- [IncidentManagementSystem] [main] org.hibernate.orm.deprecation            : HHH90000026: MySQL8Dialect has been deprecated; use org.hibernate.dialect.MySQLDialect instead
2025-12-04T17:24:40.664+05:30  INFO 17592 --- [IncidentManagementSystem] [main] org.hibernate.orm.connections.pooling    : HHH10001005: Database info:
	Database JDBC URL [Connecting through datasource 'HikariDataSource (HikariPool-1)']
	Database driver: undefined/unknown
	Database version: 8.0
	Autocommit mode: undefined/unknown
	Isolation level: undefined/unknown
	Minimum pool size: undefined/unknown
	Maximum pool size: undefined/unknown
2025-12-04T17:24:40.665+05:30  INFO 17864 --- [IncidentManagementSystem] [main] org.hibernate.orm.connections.pooling    : HHH10001005: Database info:
	Database JDBC URL [Connecting through datasource 'HikariDataSource (HikariPool-1)']
	Database driver: undefined/unknown
	Database version: 8.0
	Autocommit mode: undefined/unknown
	Isolation level: undefined/unknown
	Minimum pool size: undefined/unknown
	Maximum pool size: undefined/unknown
2025-12-04T17:24:42.405+05:30  INFO 17864 --- [IncidentManagementSystem] [main] o.h.e.t.j.p.i.JtaPlatformInitiator       : HHH000489: No JTA platform available (set 'hibernate.transaction.jta.platform' to enable JTA platform integration)
2025-12-04T17:24:42.408+05:30  INFO 17592 --- [IncidentManagementSystem] [main] o.h.e.t.j.p.i.JtaPlatformInitiator       : HHH000489: No JTA platform available (set 'hibernate.transaction.jta.platform' to enable JTA platform integration)
2025-12-04T17:24:42.751+05:30  INFO 17592 --- [IncidentManagementSystem] [main] j.LocalContainerEntityManagerFactoryBean : Initialized JPA EntityManagerFactory for persistence unit 'default'
2025-12-04T17:24:42.753+05:30  INFO 17864 --- [IncidentManagementSystem] [main] j.LocalContainerEntityManagerFactoryBean : Initialized JPA EntityManagerFactory for persistence unit 'default'
2025-12-04T17:24:43.951+05:30  WARN 17592 --- [IncidentManagementSystem] [main] JpaBaseConfiguration$JpaWebConfiguration : spring.jpa.open-in-view is enabled by default. Therefore, database queries may be performed during view rendering. Explicitly configure spring.jpa.open-in-view to disable this warning
2025-12-04T17:24:43.951+05:30  WARN 17864 --- [IncidentManagementSystem] [main] JpaBaseConfiguration$JpaWebConfiguration : spring.jpa.open-in-view is enabled by default. Therefore, database queries may be performed during view rendering. Explicitly configure spring.jpa.open-in-view to disable this warning
2025-12-04T17:24:44.028+05:30  WARN 17592 --- [IncidentManagementSystem] [main] .s.s.UserDetailsServiceAutoConfiguration : 

Using generated security password: abfcbc65-8990-463c-9ac1-bd457b97aef4

This generated password is for development use only. Your security configuration must be updated before running your application in production.

2025-12-04T17:24:44.028+05:30  WARN 17864 --- [IncidentManagementSystem] [main] .s.s.UserDetailsServiceAutoConfiguration : 

Using generated security password: b0937db7-7645-4060-9ea9-c2bc56a147f3

This generated password is for development use only. Your security configuration must be updated before running your application in production.

2025-12-04T17:24:44.048+05:30  INFO 17592 --- [IncidentManagementSystem] [main] r$InitializeUserDetailsManagerConfigurer : Global AuthenticationManager configured with UserDetailsService bean with name inMemoryUserDetailsManager
2025-12-04T17:24:44.049+05:30  INFO 17864 --- [IncidentManagementSystem] [main] r$InitializeUserDetailsManagerConfigurer : Global AuthenticationManager configured with UserDetailsService bean with name inMemoryUserDetailsManager
2025-12-04T17:24:44.815+05:30 DEBUG 17864 --- [IncidentManagementSystem] [main] o.s.s.web.DefaultSecurityFilterChain     : Will secure any request with filters: DisableEncodeUrlFilter, WebAsyncManagerIntegrationFilter, SecurityContextHolderFilter, HeaderWriterFilter, CorsFilter, LogoutFilter, RequestCacheAwareFilter, SecurityContextHolderAwareRequestFilter, SessionManagementFilter, ExceptionTranslationFilter, AuthorizationFilter
2025-12-04T17:24:44.815+05:30 DEBUG 17592 --- [IncidentManagementSystem] [main] o.s.s.web.DefaultSecurityFilterChain     : Will secure any request with filters: DisableEncodeUrlFilter, WebAsyncManagerIntegrationFilter, SecurityContextHolderFilter, HeaderWriterFilter, CorsFilter, LogoutFilter, RequestCacheAwareFilter, SecurityContextHolderAwareRequestFilter, SessionManagementFilter, ExceptionTranslationFilter, AuthorizationFilter
2025-12-04T17:24:45.293+05:30  WARN 17864 --- [IncidentManagementSystem] [main] ConfigServletWebServerApplicationContext : Exception encountered during context initialization - cancelling refresh attempt: org.springframework.context.ApplicationContextException: Failed to start bean 'webServerStartStop'
2025-12-04T17:24:45.298+05:30  INFO 17864 --- [IncidentManagementSystem] [main] j.LocalContainerEntityManagerFactoryBean : Closing JPA EntityManagerFactory for persistence unit 'default'
2025-12-04T17:24:45.301+05:30  INFO 17592 --- [IncidentManagementSystem] [main] o.s.b.w.embedded.tomcat.TomcatWebServer  : Tomcat started on port 8080 (http) with context path '/'
2025-12-04T17:24:45.302+05:30  INFO 17864 --- [IncidentManagementSystem] [main] com.zaxxer.hikari.HikariDataSource       : HikariPool-1 - Shutdown initiated...
2025-12-04T17:24:45.312+05:30  INFO 17864 --- [IncidentManagementSystem] [main] com.zaxxer.hikari.HikariDataSource       : HikariPool-1 - Shutdown completed.
2025-12-04T17:24:45.315+05:30  INFO 17592 --- [IncidentManagementSystem] [main] c.IncidentManagementSystemApplication    : Started IncidentManagementSystemApplication in 12.617 seconds (process running for 13.756)
2025-12-04T17:24:45.332+05:30  INFO 17864 --- [IncidentManagementSystem] [main] .s.b.a.l.ConditionEvaluationReportLogger : 

Error starting ApplicationContext. To display the condition evaluation report re-run your application with 'debug' enabled.
2025-12-04T17:24:45.358+05:30 ERROR 17864 --- [IncidentManagementSystem] [main] o.s.b.d.LoggingFailureAnalysisReporter   : 

***************************
APPLICATION FAILED TO START
***************************

Description:

Web server failed to start. Port 8080 was already in use.

Action:

Identify and stop the process that's listening on port 8080 or configure this application to listen on another port.

2025-12-04T17:28:13.786+05:30  INFO 17592 --- [IncidentManagementSystem] [RMI TCP Connection(7)-127.0.0.1] inMXBeanRegistrar$SpringApplicationAdmin : Application shutdown requested.
2025-12-04T17:28:13.800+05:30  INFO 17592 --- [IncidentManagementSystem] [RMI TCP Connection(7)-127.0.0.1] o.s.b.w.e.tomcat.GracefulShutdown        : Commencing graceful shutdown. Waiting for active requests to complete
2025-12-04T17:28:13.819+05:30  INFO 17592 --- [IncidentManagementSystem] [tomcat-shutdown] o.s.b.w.e.tomcat.GracefulShutdown        : Graceful shutdown complete
2025-12-04T17:28:13.829+05:30  INFO 17592 --- [IncidentManagementSystem] [RMI TCP Connection(7)-127.0.0.1] j.LocalContainerEntityManagerFactoryBean : Closing JPA EntityManagerFactory for persistence unit 'default'
2025-12-04T17:28:13.835+05:30  INFO 17592 --- [IncidentManagementSystem] [RMI TCP Connection(7)-127.0.0.1] com.zaxxer.hikari.HikariDataSource       : HikariPool-1 - Shutdown initiated...
2025-12-04T17:28:13.852+05:30  INFO 17592 --- [IncidentManagementSystem] [RMI TCP Connection(7)-127.0.0.1] com.zaxxer.hikari.HikariDataSource       : HikariPool-1 - Shutdown completed.
2025-12-04T17:28:17.516+05:30  INFO 19196 --- [IncidentManagementSystem] [main] c.IncidentManagementSystemApplication    : Starting IncidentManagementSystemApplication using Java 21.0.6 with PID 19196 (C:\Users\kashi\Documents\Project\IncidentManagementSystem\target\classes started by yashk in C:\Users\kashi\Documents\Project\IncidentManagementSystem)
2025-12-04T17:28:17.518+05:30  INFO 19196 --- [IncidentManagementSystem] [main] c.IncidentManagementSystemApplication    : No active profile set, falling back to 1 default profile: "default"
2025-12-04T17:28:18.695+05:30  INFO 19196 --- [IncidentManagementSystem] [main] .s.d.r.c.RepositoryConfigurationDelegate : Bootstrapping Spring Data JPA repositories in DEFAULT mode.
2025-12-04T17:28:19.027+05:30  INFO 19196 --- [IncidentManagementSystem] [main] .s.d.r.c.RepositoryConfigurationDelegate : Finished Spring Data repository scanning in 321 ms. Found 17 JPA repository interfaces.
2025-12-04T17:28:19.631+05:30  INFO 19196 --- [IncidentManagementSystem] [main] o.s.b.w.embedded.tomcat.TomcatWebServer  : Tomcat initialized with port 8080 (http)
2025-12-04T17:28:19.648+05:30  INFO 19196 --- [IncidentManagementSystem] [main] o.apache.catalina.core.StandardService   : Starting service [Tomcat]
2025-12-04T17:28:19.648+05:30  INFO 19196 --- [IncidentManagementSystem] [main] o.apache.catalina.core.StandardEngine    : Starting Servlet engine: [Apache Tomcat/10.1.49]
2025-12-04T17:28:19.724+05:30  INFO 19196 --- [IncidentManagementSystem] [main] o.a.c.c.C.[Tomcat].[localhost].[/]       : Initializing Spring embedded WebApplicationContext
2025-12-04T17:28:19.725+05:30  INFO 19196 --- [IncidentManagementSystem] [main] w.s.c.ServletWebServerApplicationContext : Root WebApplicationContext: initialization completed in 2161 ms
2025-12-04T17:28:19.963+05:30  INFO 19196 --- [IncidentManagementSystem] [main] o.hibernate.jpa.internal.util.LogHelper  : HHH000204: Processing PersistenceUnitInfo [name: default]
2025-12-04T17:28:20.028+05:30  INFO 19196 --- [IncidentManagementSystem] [main] org.hibernate.Version                    : HHH000412: Hibernate ORM core version 6.6.36.Final
2025-12-04T17:28:20.073+05:30  INFO 19196 --- [IncidentManagementSystem] [main] o.h.c.internal.RegionFactoryInitiator    : HHH000026: Second-level cache disabled
2025-12-04T17:28:20.381+05:30  INFO 19196 --- [IncidentManagementSystem] [main] o.s.o.j.p.SpringPersistenceUnitInfo      : No LoadTimeWeaver setup: ignoring JPA class transformer
2025-12-04T17:28:20.420+05:30  INFO 19196 --- [IncidentManagementSystem] [main] com.zaxxer.hikari.HikariDataSource       : HikariPool-1 - Starting...
2025-12-04T17:28:24.150+05:30  INFO 19196 --- [IncidentManagementSystem] [main] com.zaxxer.hikari.pool.HikariPool        : HikariPool-1 - Added connection com.mysql.cj.jdbc.ConnectionImpl@1574f323
2025-12-04T17:28:24.153+05:30  INFO 19196 --- [IncidentManagementSystem] [main] com.zaxxer.hikari.HikariDataSource       : HikariPool-1 - Start completed.
2025-12-04T17:28:24.504+05:30  WARN 19196 --- [IncidentManagementSystem] [main] org.hibernate.orm.deprecation            : HHH90000025: MySQL8Dialect does not need to be specified explicitly using 'hibernate.dialect' (remove the property setting and it will be selected by default)
2025-12-04T17:28:24.507+05:30  WARN 19196 --- [IncidentManagementSystem] [main] org.hibernate.orm.deprecation            : HHH90000026: MySQL8Dialect has been deprecated; use org.hibernate.dialect.MySQLDialect instead
2025-12-04T17:28:24.530+05:30  INFO 19196 --- [IncidentManagementSystem] [main] org.hibernate.orm.connections.pooling    : HHH10001005: Database info:
	Database JDBC URL [Connecting through datasource 'HikariDataSource (HikariPool-1)']
	Database driver: undefined/unknown
	Database version: 8.0
	Autocommit mode: undefined/unknown
	Isolation level: undefined/unknown
	Minimum pool size: undefined/unknown
	Maximum pool size: undefined/unknown
2025-12-04T17:28:25.858+05:30  INFO 19196 --- [IncidentManagementSystem] [main] o.h.e.t.j.p.i.JtaPlatformInitiator       : HHH000489: No JTA platform available (set 'hibernate.transaction.jta.platform' to enable JTA platform integration)
2025-12-04T17:28:39.098+05:30  INFO 19196 --- [IncidentManagementSystem] [main] j.LocalContainerEntityManagerFactoryBean : Initialized JPA EntityManagerFactory for persistence unit 'default'
2025-12-04T17:28:39.836+05:30  WARN 19196 --- [IncidentManagementSystem] [main] JpaBaseConfiguration$JpaWebConfiguration : spring.jpa.open-in-view is enabled by default. Therefore, database queries may be performed during view rendering. Explicitly configure spring.jpa.open-in-view to disable this warning
2025-12-04T17:28:39.874+05:30  WARN 19196 --- [IncidentManagementSystem] [main] .s.s.UserDetailsServiceAutoConfiguration : 

Using generated security password: 23a82292-ef23-4005-9d78-3a6d601d328f

This generated password is for development use only. Your security configuration must be updated before running your application in production.

2025-12-04T17:28:39.883+05:30  INFO 19196 --- [IncidentManagementSystem] [main] r$InitializeUserDetailsManagerConfigurer : Global AuthenticationManager configured with UserDetailsService bean with name inMemoryUserDetailsManager
2025-12-04T17:28:40.252+05:30 DEBUG 19196 --- [IncidentManagementSystem] [main] o.s.s.web.DefaultSecurityFilterChain     : Will secure any request with filters: DisableEncodeUrlFilter, WebAsyncManagerIntegrationFilter, SecurityContextHolderFilter, HeaderWriterFilter, CorsFilter, LogoutFilter, RequestCacheAwareFilter, SecurityContextHolderAwareRequestFilter, SessionManagementFilter, ExceptionTranslationFilter, AuthorizationFilter
2025-12-04T17:28:40.636+05:30  INFO 19196 --- [IncidentManagementSystem] [main] o.s.b.w.embedded.tomcat.TomcatWebServer  : Tomcat started on port 8080 (http) with context path '/'
2025-12-04T17:28:40.645+05:30  INFO 19196 --- [IncidentManagementSystem] [main] c.IncidentManagementSystemApplication    : Started IncidentManagementSystemApplication in 23.654 seconds (process running for 24.389)
2025-12-04T17:29:55.557+05:30  INFO 19196 --- [IncidentManagementSystem] [http-nio-8080-exec-1] o.a.c.c.C.[Tomcat].[localhost].[/]       : Initializing Spring DispatcherServlet 'dispatcherServlet'
2025-12-04T17:29:55.559+05:30  INFO 19196 --- [IncidentManagementSystem] [http-nio-8080-exec-1] o.s.web.servlet.DispatcherServlet        : Initializing Servlet 'dispatcherServlet'
2025-12-04T17:29:55.591+05:30  INFO 19196 --- [IncidentManagementSystem] [http-nio-8080-exec-1] o.s.web.servlet.DispatcherServlet        : Completed initialization in 32 ms
2025-12-04T17:29:55.671+05:30 DEBUG 19196 --- [IncidentManagementSystem] [http-nio-8080-exec-1] o.s.security.web.FilterChainProxy        : Securing GET /api/admin/incidents/all
2025-12-04T17:29:55.697+05:30 DEBUG 19196 --- [IncidentManagementSystem] [http-nio-8080-exec-1] o.s.security.web.FilterChainProxy        : Secured GET /api/admin/incidents/all
2025-12-04T17:31:24.933+05:30 DEBUG 19196 --- [IncidentManagementSystem] [http-nio-8080-exec-4] o.s.security.web.FilterChainProxy        : Securing POST /api/users/login
2025-12-04T17:31:24.936+05:30 DEBUG 19196 --- [IncidentManagementSystem] [http-nio-8080-exec-4] o.s.security.web.FilterChainProxy        : Secured POST /api/users/login
2025-12-04T17:43:21.700+05:30  INFO 19196 --- [IncidentManagementSystem] [RMI TCP Connection(17)-127.0.0.1] inMXBeanRegistrar$SpringApplicationAdmin : Application shutdown requested.
2025-12-04T17:43:21.908+05:30  INFO 19196 --- [IncidentManagementSystem] [RMI TCP Connection(17)-127.0.0.1] o.s.b.w.e.tomcat.GracefulShutdown        : Commencing graceful shutdown. Waiting for active requests to complete
2025-12-04T17:43:21.964+05:30  INFO 19196 --- [IncidentManagementSystem] [tomcat-shutdown] o.s.b.w.e.tomcat.GracefulShutdown        : Graceful shutdown complete
2025-12-04T17:43:22.029+05:30  INFO 19196 --- [IncidentManagementSystem] [RMI TCP Connection(17)-127.0.0.1] j.LocalContainerEntityManagerFactoryBean : Closing JPA EntityManagerFactory for persistence unit 'default'
2025-12-04T17:43:22.080+05:30  INFO 19196 --- [IncidentManagementSystem] [RMI TCP Connection(17)-127.0.0.1] com.zaxxer.hikari.HikariDataSource       : HikariPool-1 - Shutdown initiated...
2025-12-04T17:43:22.218+05:30  INFO 19196 --- [IncidentManagementSystem] [RMI TCP Connection(17)-127.0.0.1] com.zaxxer.hikari.HikariDataSource       : HikariPool-1 - Shutdown completed.
